TN:
SF:src\arguments.ts
FN:24,decodeArgument
FN:40,encodeArgument
FN:44,mainEncoder
FNF:3
FNH:2
FNDA:0,decodeArgument
FNDA:11,encodeArgument
FNDA:62,mainEncoder
DA:1,1
DA:2,1
DA:3,1
DA:4,1
DA:5,1
DA:6,1
DA:7,1
DA:8,1
DA:9,1
DA:10,1
DA:11,1
DA:12,1
DA:13,1
DA:14,1
DA:15,1
DA:16,1
DA:17,1
DA:18,1
DA:19,1
DA:20,1
DA:21,1
DA:22,1
DA:23,1
DA:24,0
DA:25,0
DA:26,0
DA:27,0
DA:28,0
DA:29,0
DA:30,0
DA:31,0
DA:32,0
DA:33,0
DA:34,0
DA:35,0
DA:36,0
DA:37,0
DA:38,1
DA:39,1
DA:40,11
DA:41,11
DA:42,11
DA:43,11
DA:44,11
DA:45,62
DA:46,13
DA:47,62
DA:48,25
DA:49,25
DA:50,36
DA:51,36
DA:52,25
DA:53,25
DA:54,62
DA:55,62
DA:56,62
DA:57,11
DA:58,11
DA:59,26
DA:60,26
DA:61,11
DA:62,11
DA:63,11
LF:63
LH:49
BRDA:40,0,0,11
BRDA:58,1,0,26
BRDA:44,2,0,62
BRDA:45,3,0,13
BRDA:47,4,0,49
BRDA:47,5,0,25
BRDA:48,6,0,14
BRDA:48,7,0,11
BRDA:49,8,0,36
BRF:9
BRH:9
end_of_record
TN:
SF:src\utils\constant.ts
FNF:0
FNH:0
DA:1,1
DA:2,1
DA:3,1
DA:4,1
LF:4
LH:4
BRF:0
BRH:0
end_of_record
